# JRE version: Java(TM) SE Runtime Environment (8.0_101-b13) (build 1.8.0_101-b13)
# Java VM: Java HotSpot(TM) Client VM (25.101-b13 mixed mode windows-x86 )
Heap:
 def new generation   total 32128K, used 619K [0x03c00000, 0x05ed0000, 0x0e6a0000)
  eden space 28608K,   0% used [0x03c00000, 0x03c00000, 0x057f0000)
  from space 3520K,  17% used [0x057f0000, 0x0588af90, 0x05b60000)
  to   space 3520K,   0% used [0x05b60000, 0x05b60000, 0x05ed0000)
 tenured generation   total 78628K, used 77337K [0x0e6a0000, 0x13369000, 0x23c00000)
   the space 78628K,  98% used [0x0e6a0000, 0x13226470, 0x13226600, 0x13369000)
 Metaspace       used 37706K, capacity 39459K, committed 40192K, reserved 40320K
GC Heap History (10 events):
Event: 9256.405 GC heap after
Heap after GC invocations=421 (full 30):
 def new generation   total 32128K, used 3154K [0x03c00000, 0x05ed0000, 0x0e6a0000)
  eden space 28608K,   0% used [0x03c00000, 0x03c00000, 0x057f0000)
  from space 3520K,  89% used [0x05b60000, 0x05e749e8, 0x05ed0000)
  to   space 3520K,   0% used [0x057f0000, 0x057f0000, 0x05b60000)
 tenured generation   total 71180K, used 50725K [0x0e6a0000, 0x12c23000, 0x23c00000)
   the space 71180K,  71% used [0x0e6a0000, 0x118296f0, 0x11829800, 0x12c23000)
 Metaspace       used 37671K, capacity 39423K, committed 40192K, reserved 40320K
}
Event: 9260.270 GC heap before
{Heap before GC invocations=421 (full 30):
 def new generation   total 32128K, used 31401K [0x03c00000, 0x05ed0000, 0x0e6a0000)
  eden space 28608K,  98% used [0x03c00000, 0x05795cf8, 0x057f0000)
  from space 3520K,  89% used [0x05b60000, 0x05e749e8, 0x05ed0000)
  to   space 3520K,   0% used [0x057f0000, 0x057f0000, 0x05b60000)
 tenured generation   total 71180K, used 50725K [0x0e6a0000, 0x12c23000, 0x23c00000)
   the space 71180K,  71% used [0x0e6a0000, 0x118296f0, 0x11829800, 0x12c23000)
 Metaspace       used 37671K, capacity 39423K, committed 40192K, reserved 40320K
Event: 9260.341 GC heap after
Heap after GC invocations=422 (full 30):
 def new generation   total 32128K, used 3520K [0x03c00000, 0x05ed0000, 0x0e6a0000)
  eden space 28608K,   0% used [0x03c00000, 0x03c00000, 0x057f0000)
  from space 3520K, 100% used [0x057f0000, 0x05b60000, 0x05b60000)
  to   space 3520K,   0% used [0x05b60000, 0x05b60000, 0x05ed0000)
 tenured generation   total 71180K, used 59322K [0x0e6a0000, 0x12c23000, 0x23c00000)
   the space 71180K,  83% used [0x0e6a0000, 0x1208eaf0, 0x1208ec00, 0x12c23000)
 Metaspace       used 37671K, capacity 39423K, committed 40192K, reserved 40320K
}
Event: 9262.450 GC heap before
{Heap before GC invocations=422 (full 30):
 def new generation   total 32128K, used 32128K [0x03c00000, 0x05ed0000, 0x0e6a0000)
  eden space 28608K, 100% used [0x03c00000, 0x057f0000, 0x057f0000)
  from space 3520K, 100% used [0x057f0000, 0x05b60000, 0x05b60000)
  to   space 3520K,   0% used [0x05b60000, 0x05b60000, 0x05ed0000)
 tenured generation   total 71180K, used 59322K [0x0e6a0000, 0x12c23000, 0x23c00000)
   the space 71180K,  83% used [0x0e6a0000, 0x1208eaf0, 0x1208ec00, 0x12c23000)
 Metaspace       used 37671K, capacity 39423K, committed 40192K, reserved 40320K
Event: 9262.644 GC heap after
Heap after GC invocations=423 (full 30):
 def new generation   total 32128K, used 3520K [0x03c00000, 0x05ed0000, 0x0e6a0000)
  eden space 28608K,   0% used [0x03c00000, 0x03c00000, 0x057f0000)
  from space 3520K, 100% used [0x05b60000, 0x05ed0000, 0x05ed0000)
  to   space 3520K,   0% used [0x057f0000, 0x057f0000, 0x05b60000)
 tenured generation   total 71180K, used 65471K [0x0e6a0000, 0x12c23000, 0x23c00000)
   the space 71180K,  91% used [0x0e6a0000, 0x1268fc10, 0x1268fe00, 0x12c23000)
 Metaspace       used 37671K, capacity 39423K, committed 40192K, reserved 40320K
}
Event: 9266.985 GC heap before
{Heap before GC invocations=423 (full 30):
 def new generation   total 32128K, used 32128K [0x03c00000, 0x05ed0000, 0x0e6a0000)
  eden space 28608K, 100% used [0x03c00000, 0x057f0000, 0x057f0000)
  from space 3520K, 100% used [0x05b60000, 0x05ed0000, 0x05ed0000)
  to   space 3520K,   0% used [0x057f0000, 0x057f0000, 0x05b60000)
 tenured generation   total 71180K, used 65471K [0x0e6a0000, 0x12c23000, 0x23c00000)
   the space 71180K,  91% used [0x0e6a0000, 0x1268fc10, 0x1268fe00, 0x12c23000)
 Metaspace       used 37706K, capacity 39459K, committed 40192K, reserved 40320K
Event: 9267.350 GC heap after
Heap after GC invocations=424 (full 30):
 def new generation   total 32128K, used 1752K [0x03c00000, 0x05ed0000, 0x0e6a0000)
  eden space 28608K,   0% used [0x03c00000, 0x03c00000, 0x057f0000)
  from space 3520K,  49% used [0x057f0000, 0x059a60d0, 0x05b60000)
  to   space 3520K,   0% used [0x05b60000, 0x05b60000, 0x05ed0000)
 tenured generation   total 71180K, used 67858K [0x0e6a0000, 0x12c23000, 0x23c00000)
   the space 71180K,  95% used [0x0e6a0000, 0x128e4890, 0x128e4a00, 0x12c23000)
 Metaspace       used 37706K, capacity 39459K, committed 40192K, reserved 40320K
}
Event: 9283.642 GC heap before
{Heap before GC invocations=424 (full 30):
 def new generation   total 32128K, used 27341K [0x03c00000, 0x05ed0000, 0x0e6a0000)
  eden space 28608K,  89% used [0x03c00000, 0x054fd490, 0x057f0000)
  from space 3520K,  49% used [0x057f0000, 0x059a60d0, 0x05b60000)
  to   space 3520K,   0% used [0x05b60000, 0x05b60000, 0x05ed0000)
 tenured generation   total 71180K, used 67858K [0x0e6a0000, 0x12c23000, 0x23c00000)
   the space 71180K,  95% used [0x0e6a0000, 0x128e4890, 0x128e4a00, 0x12c23000)
 Metaspace       used 37706K, capacity 39459K, committed 40192K, reserved 40320K
Event: 9283.757 GC heap after
Heap after GC invocations=425 (full 30):
 def new generation   total 32128K, used 3520K [0x03c00000, 0x05ed0000, 0x0e6a0000)
  eden space 28608K,   0% used [0x03c00000, 0x03c00000, 0x057f0000)
  from space 3520K, 100% used [0x05b60000, 0x05ed0000, 0x05ed0000)
  to   space 3520K,   0% used [0x057f0000, 0x057f0000, 0x05b60000)
 tenured generation   total 71180K, used 68674K [0x0e6a0000, 0x12c23000, 0x23c00000)
   the space 71180K,  96% used [0x0e6a0000, 0x129b0b30, 0x129b0c00, 0x12c23000)
 Metaspace       used 37706K, capacity 39459K, committed 40192K, reserved 40320K
}
Event: 9284.137 GC heap before
{Heap before GC invocations=425 (full 30):
 def new generation   total 32128K, used 31124K [0x03c00000, 0x05ed0000, 0x0e6a0000)
  eden space 28608K,  96% used [0x03c00000, 0x056f51a8, 0x057f0000)
  from space 3520K, 100% used [0x05b60000, 0x05ed0000, 0x05ed0000)
  to   space 3520K,   0% used [0x057f0000, 0x057f0000, 0x05b60000)
 tenured generation   total 71180K, used 68674K [0x0e6a0000, 0x12c23000, 0x23c00000)
   the space 71180K,  96% used [0x0e6a0000, 0x129b0b30, 0x129b0c00, 0x12c23000)
 Metaspace       used 37706K, capacity 39459K, committed 40192K, reserved 40320K

